0 info it worked if it ends with ok
1 verbose cli [ '/Users/tkleing/.nvm/versions/node/v0.12.9/bin/node',
1 verbose cli   '/Users/tkleing/.nvm/versions/node/v0.12.9/bin/npm',
1 verbose cli   'run',
1 verbose cli   'dev' ]
2 info using npm@2.14.9
3 info using node@v0.12.9
4 verbose stack Error: missing script: dev
4 verbose stack     at run (/Users/tkleing/.nvm/versions/node/v0.12.9/lib/node_modules/npm/lib/run-script.js:142:19)
4 verbose stack     at /Users/tkleing/.nvm/versions/node/v0.12.9/lib/node_modules/npm/lib/run-script.js:58:5
4 verbose stack     at /Users/tkleing/.nvm/versions/node/v0.12.9/lib/node_modules/npm/node_modules/read-package-json/read-json.js:345:5
4 verbose stack     at checkBinReferences_ (/Users/tkleing/.nvm/versions/node/v0.12.9/lib/node_modules/npm/node_modules/read-package-json/read-json.js:309:45)
4 verbose stack     at final (/Users/tkleing/.nvm/versions/node/v0.12.9/lib/node_modules/npm/node_modules/read-package-json/read-json.js:343:3)
4 verbose stack     at then (/Users/tkleing/.nvm/versions/node/v0.12.9/lib/node_modules/npm/node_modules/read-package-json/read-json.js:113:5)
4 verbose stack     at /Users/tkleing/.nvm/versions/node/v0.12.9/lib/node_modules/npm/node_modules/read-package-json/read-json.js:300:12
4 verbose stack     at /Users/tkleing/.nvm/versions/node/v0.12.9/lib/node_modules/npm/node_modules/graceful-fs/graceful-fs.js:76:16
4 verbose stack     at fs.js:334:14
4 verbose stack     at /Users/tkleing/.nvm/versions/node/v0.12.9/lib/node_modules/npm/node_modules/graceful-fs/graceful-fs.js:42:10
5 verbose cwd /Users/tkleing/Projects/docker-nginx-node-python
6 error Darwin 15.5.0
7 error argv "/Users/tkleing/.nvm/versions/node/v0.12.9/bin/node" "/Users/tkleing/.nvm/versions/node/v0.12.9/bin/npm" "run" "dev"
8 error node v0.12.9
9 error npm  v2.14.9
10 error missing script: dev
11 error If you need help, you may report this error at:
11 error     <https://github.com/npm/npm/issues>
12 verbose exit [ 1, true ]
